<?xml version="1.0" encoding="UTF-8"?>
<!-- Generated by org.testng.reporters.JUnitReportReporter -->
<testsuite skipped="0" hostname="LTIN182094" name="testCases.LoginTestCase" tests="1" failures="0" timestamp="2021-08-03T22:58:02 IST" time="11.484" errors="0">
  <testcase name="login" time="11.484" classname="testCases.LoginTestCase"/>
  <system-out/>
</testsuite> <!-- testCases.LoginTestCase -->
