<?xml version="1.0" encoding="UTF-8"?>
<!-- Generated by org.testng.reporters.JUnitReportReporter -->
<testsuite skipped="0" hostname="LTIN182094" name="testCases.ProfileUpdate" tests="1" failures="0" timestamp="2021-08-03T23:12:06 IST" time="13.499" errors="0">
  <testcase name="profile" time="13.499" classname="testCases.ProfileUpdate"/>
  <system-out/>
</testsuite> <!-- testCases.ProfileUpdate -->
